C:\Apps\anaconda3\envs\PyTorch\python.exe C:\Users\12194\Desktop\最后一次-重做\条件路由专家模型架构\Optuna-5-folds.py 
所有sheet名称: ['Sheet1', 'Sheet2', 'Sheet3', 'Sheet4', 'Sheet5', 'Sheet6']
[I 2025-03-23 20:32:19,636] A new study created in memory with name: no-name-4ba5b63d-4737-4b7f-869a-e3cb5bede931
Trial 1 | Fold 1/5: 100%|██████████| 150/150 [05:31<00:00,  2.21s/it, Epoch=150/150, Fold=1/5, Loss=0.0213]
Fold 1 - R2_MEP: 0.9907, R2_ThermalEfficiency: 0.9160
Trial 1 | Fold 2/5: 100%|██████████| 150/150 [06:30<00:00,  2.60s/it, Epoch=150/150, Fold=2/5, Loss=0.02]
Fold 2 - R2_MEP: 0.9932, R2_ThermalEfficiency: 0.9068
Trial 1 | Fold 3/5: 100%|██████████| 150/150 [06:38<00:00,  2.65s/it, Epoch=150/150, Fold=3/5, Loss=0.0258]
Fold 3 - R2_MEP: 0.9910, R2_ThermalEfficiency: 0.9373
Trial 1 | Fold 4/5: 100%|██████████| 150/150 [06:37<00:00,  2.65s/it, Epoch=150/150, Fold=4/5, Loss=0.0242]
Fold 4 - R2_MEP: 0.9909, R2_ThermalEfficiency: 0.9029
Trial 1 | Fold 5/5: 100%|██████████| 150/150 [06:15<00:00,  2.50s/it, Epoch=150/150, Fold=5/5, Loss=0.0261]
Fold 5 - R2_MEP: 0.9925, R2_ThermalEfficiency: 0.9169
Trial 1 finished with Composite R² = 0.9425
    R²_MEP = 0.9917, R²_ThermalEfficiency = 0.9160
    Parameters: {'kernel_std_1': 1.830928871349963, 'n_bins_1': 16, 'kernel_std_2': 0.876222016622667, 'n_bins_2': 16, 'learning_rate': 0.0003451633702454664, 'batch_size': 32, 'num_epochs': 150, 'dropout': 0.17296784621102518, 'num_transformer_layers': 2, 'd_model': 64, 'nhead': 8, 'category_embedding_dim': 12, 'ST_shared_layer_sizes': [64, 32], 'ST_task1_layer_sizes': [32, 16], 'ST_task2_layer_sizes': [64, 32], 'ET_shared_layer_sizes': [128, 64], 'ET_task1_layer_sizes': [128, 64], 'ET_task2_layer_sizes': [32, 16], 'NA_shared_layer_sizes': [256, 128], 'NA_task1_layer_sizes': [128, 64], 'NA_task2_layer_sizes': [32, 16], 'physics_loss_weight': 3.0419459626730667, 'efficiency_loss_weight': 5.961136887081609}
[I 2025-03-23 21:03:58,526] Trial 0 finished with value: 0.9424676305055617 and parameters: {'kernel_std_1': 1.830928871349963, 'n_bins_1': 16, 'kernel_std_2': 0.876222016622667, 'n_bins_2': 16, 'learning_rate': 0.0003451633702454664, 'batch_size': 32, 'num_epochs': 150, 'dropout': 0.17296784621102518, 'num_transformer_layers': 2, 'd_model': 64, 'nhead': 8, 'category_embedding_dim': 12, 'ST_shared_layer_sizes': [64, 32], 'ST_task1_layer_sizes': [32, 16], 'ST_task2_layer_sizes': [64, 32], 'ET_shared_layer_sizes': [128, 64], 'ET_task1_layer_sizes': [128, 64], 'ET_task2_layer_sizes': [32, 16], 'NA_shared_layer_sizes': [256, 128], 'NA_task1_layer_sizes': [128, 64], 'NA_task2_layer_sizes': [32, 16], 'physics_loss_weight': 3.0419459626730667, 'efficiency_loss_weight': 5.961136887081609}. Best is trial 0 with value: 0.9424676305055617.
Trial 2 | Fold 1/5: 100%|██████████| 170/170 [06:39<00:00,  2.35s/it, Epoch=170/170, Fold=1/5, Loss=0.0187]
Fold 1 - R2_MEP: 0.9915, R2_ThermalEfficiency: 0.9163
Trial 2 | Fold 2/5: 100%|██████████| 170/170 [06:36<00:00,  2.33s/it, Epoch=170/170, Fold=2/5, Loss=0.0209]
Fold 2 - R2_MEP: 0.9948, R2_ThermalEfficiency: 0.9293
Trial 2 | Fold 3/5: 100%|██████████| 170/170 [05:36<00:00,  1.98s/it, Epoch=170/170, Fold=3/5, Loss=0.0245]
Fold 3 - R2_MEP: 0.9923, R2_ThermalEfficiency: 0.9387
Trial 2 | Fold 4/5: 100%|██████████| 170/170 [06:05<00:00,  2.15s/it, Epoch=170/170, Fold=4/5, Loss=0.0216]
Fold 4 - R2_MEP: 0.9921, R2_ThermalEfficiency: 0.9277
Trial 2 | Fold 5/5: 100%|██████████| 170/170 [06:49<00:00,  2.41s/it, Epoch=170/170, Fold=5/5, Loss=0.0196]
[I 2025-03-23 21:35:48,584] Trial 1 finished with value: 0.9491672396659852 and parameters: {'kernel_std_1': 1.1088243096754717, 'n_bins_1': 22, 'kernel_std_2': 1.2992587061318495, 'n_bins_2': 20, 'learning_rate': 0.0005895310611488754, 'batch_size': 64, 'num_epochs': 170, 'dropout': 0.0695899872179974, 'num_transformer_layers': 2, 'd_model': 32, 'nhead': 4, 'category_embedding_dim': 12, 'ST_shared_layer_sizes': [64, 32], 'ST_task1_layer_sizes': [128, 64], 'ST_task2_layer_sizes': [32, 16], 'ET_shared_layer_sizes': [64, 32], 'ET_task1_layer_sizes': [64, 32], 'ET_task2_layer_sizes': [128, 64], 'NA_shared_layer_sizes': [64, 32], 'NA_task1_layer_sizes': [128, 64], 'NA_task2_layer_sizes': [64, 32], 'physics_loss_weight': 3.463762386869234, 'efficiency_loss_weight': 5.51374133004433}. Best is trial 1 with value: 0.9491672396659852.
Fold 5 - R2_MEP: 0.9873, R2_ThermalEfficiency: 0.9196
Trial 2 finished with Composite R² = 0.9492
    R²_MEP = 0.9916, R²_ThermalEfficiency = 0.9263
    Parameters: {'kernel_std_1': 1.1088243096754717, 'n_bins_1': 22, 'kernel_std_2': 1.2992587061318495, 'n_bins_2': 20, 'learning_rate': 0.0005895310611488754, 'batch_size': 64, 'num_epochs': 170, 'dropout': 0.0695899872179974, 'num_transformer_layers': 2, 'd_model': 32, 'nhead': 4, 'category_embedding_dim': 12, 'ST_shared_layer_sizes': [64, 32], 'ST_task1_layer_sizes': [128, 64], 'ST_task2_layer_sizes': [32, 16], 'ET_shared_layer_sizes': [64, 32], 'ET_task1_layer_sizes': [64, 32], 'ET_task2_layer_sizes': [128, 64], 'NA_shared_layer_sizes': [64, 32], 'NA_task1_layer_sizes': [128, 64], 'NA_task2_layer_sizes': [64, 32], 'physics_loss_weight': 3.463762386869234, 'efficiency_loss_weight': 5.51374133004433}
Trial 3 | Fold 1/5: 100%|██████████| 180/180 [06:52<00:00,  2.29s/it, Epoch=180/180, Fold=1/5, Loss=0.0534]
Fold 1 - R2_MEP: 0.9871, R2_ThermalEfficiency: 0.8735
Trial 3 | Fold 2/5: 100%|██████████| 180/180 [06:52<00:00,  2.29s/it, Epoch=180/180, Fold=2/5, Loss=0.0892]
Fold 2 - R2_MEP: 0.9808, R2_ThermalEfficiency: 0.8785
Trial 3 | Fold 3/5: 100%|██████████| 180/180 [06:53<00:00,  2.30s/it, Epoch=180/180, Fold=3/5, Loss=0.0468]
Fold 3 - R2_MEP: 0.9908, R2_ThermalEfficiency: 0.9241
Trial 3 | Fold 4/5: 100%|██████████| 180/180 [06:19<00:00,  2.11s/it, Epoch=180/180, Fold=4/5, Loss=0.0461]
Fold 4 - R2_MEP: 0.9878, R2_ThermalEfficiency: 0.8918
Trial 3 | Fold 5/5: 100%|██████████| 180/180 [06:30<00:00,  2.17s/it, Epoch=180/180, Fold=5/5, Loss=0.0492]
Fold 5 - R2_MEP: 0.9889, R2_ThermalEfficiency: 0.8822
Trial 3 finished with Composite R² = 0.9240
    R²_MEP = 0.9871, R²_ThermalEfficiency = 0.8900
    Parameters: {'kernel_std_1': 1.0958948581106036, 'n_bins_1': 14, 'kernel_std_2': 1.338062719307811, 'n_bins_2': 14, 'learning_rate': 0.00010407417158157571, 'batch_size': 128, 'num_epochs': 180, 'dropout': 0.07912347643335621, 'num_transformer_layers': 4, 'd_model': 32, 'nhead': 8, 'category_embedding_dim': 16, 'ST_shared_layer_sizes': [256, 128], 'ST_task1_layer_sizes': [64, 32], 'ST_task2_layer_sizes': [64, 32], 'ET_shared_layer_sizes': [128, 64], 'ET_task1_layer_sizes': [64, 32], 'ET_task2_layer_sizes': [64, 32], 'NA_shared_layer_sizes': [256, 128], 'NA_task1_layer_sizes': [64, 32], 'NA_task2_layer_sizes': [32, 16], 'physics_loss_weight': 4.480011754258071, 'efficiency_loss_weight': 5.149778179256038}
[I 2025-03-23 22:09:22,217] Trial 2 finished with value: 0.9239969277381896 and parameters: {'kernel_std_1': 1.0958948581106036, 'n_bins_1': 14, 'kernel_std_2': 1.338062719307811, 'n_bins_2': 14, 'learning_rate': 0.00010407417158157571, 'batch_size': 128, 'num_epochs': 180, 'dropout': 0.07912347643335621, 'num_transformer_layers': 4, 'd_model': 32, 'nhead': 8, 'category_embedding_dim': 16, 'ST_shared_layer_sizes': [256, 128], 'ST_task1_layer_sizes': [64, 32], 'ST_task2_layer_sizes': [64, 32], 'ET_shared_layer_sizes': [128, 64], 'ET_task1_layer_sizes': [64, 32], 'ET_task2_layer_sizes': [64, 32], 'NA_shared_layer_sizes': [256, 128], 'NA_task1_layer_sizes': [64, 32], 'NA_task2_layer_sizes': [32, 16], 'physics_loss_weight': 4.480011754258071, 'efficiency_loss_weight': 5.149778179256038}. Best is trial 1 with value: 0.9491672396659852.
Trial 4 | Fold 1/5: 100%|██████████| 170/170 [07:13<00:00,  2.55s/it, Epoch=170/170, Fold=1/5, Loss=0.0481]
Fold 1 - R2_MEP: 0.9875, R2_ThermalEfficiency: 0.8888
Trial 4 | Fold 2/5: 100%|██████████| 170/170 [07:13<00:00,  2.55s/it, Epoch=170/170, Fold=2/5, Loss=0.0506]
Fold 2 - R2_MEP: 0.9879, R2_ThermalEfficiency: 0.9049
Trial 4 | Fold 3/5: 100%|██████████| 170/170 [07:13<00:00,  2.55s/it, Epoch=170/170, Fold=3/5, Loss=0.0543]
Fold 3 - R2_MEP: 0.9825, R2_ThermalEfficiency: 0.9236
Trial 4 | Fold 4/5: 100%|██████████| 170/170 [06:52<00:00,  2.42s/it, Epoch=170/170, Fold=4/5, Loss=0.0436]
Fold 4 - R2_MEP: 0.9842, R2_ThermalEfficiency: 0.8993
Trial 4 | Fold 5/5: 100%|██████████| 170/170 [06:52<00:00,  2.43s/it, Epoch=170/170, Fold=5/5, Loss=0.0519]
Fold 5 - R2_MEP: 0.9820, R2_ThermalEfficiency: 0.8814
Trial 4 finished with Composite R² = 0.9294
    R²_MEP = 0.9848, R²_ThermalEfficiency = 0.8996
    Parameters: {'kernel_std_1': 1.02629447611778, 'n_bins_1': 14, 'kernel_std_2': 0.8370395462362361, 'n_bins_2': 12, 'learning_rate': 4.4150157651243164e-05, 'batch_size': 32, 'num_epochs': 170, 'dropout': 0.19662469879406075, 'num_transformer_layers': 2, 'd_model': 32, 'nhead': 8, 'category_embedding_dim': 8, 'ST_shared_layer_sizes': [256, 128], 'ST_task1_layer_sizes': [128, 64], 'ST_task2_layer_sizes': [64, 32], 'ET_shared_layer_sizes': [256, 128], 'ET_task1_layer_sizes': [64, 32], 'ET_task2_layer_sizes': [64, 32], 'NA_shared_layer_sizes': [64, 32], 'NA_task1_layer_sizes': [128, 64], 'NA_task2_layer_sizes': [128, 64], 'physics_loss_weight': 2.510782802334082, 'efficiency_loss_weight': 5.943642312268802}
[I 2025-03-23 22:44:53,658] Trial 3 finished with value: 0.9294326460361482 and parameters: {'kernel_std_1': 1.02629447611778, 'n_bins_1': 14, 'kernel_std_2': 0.8370395462362361, 'n_bins_2': 12, 'learning_rate': 4.4150157651243164e-05, 'batch_size': 32, 'num_epochs': 170, 'dropout': 0.19662469879406075, 'num_transformer_layers': 2, 'd_model': 32, 'nhead': 8, 'category_embedding_dim': 8, 'ST_shared_layer_sizes': [256, 128], 'ST_task1_layer_sizes': [128, 64], 'ST_task2_layer_sizes': [64, 32], 'ET_shared_layer_sizes': [256, 128], 'ET_task1_layer_sizes': [64, 32], 'ET_task2_layer_sizes': [64, 32], 'NA_shared_layer_sizes': [64, 32], 'NA_task1_layer_sizes': [128, 64], 'NA_task2_layer_sizes': [128, 64], 'physics_loss_weight': 2.510782802334082, 'efficiency_loss_weight': 5.943642312268802}. Best is trial 1 with value: 0.9491672396659852.
Trial 5 | Fold 1/5: 100%|██████████| 150/150 [06:00<00:00,  2.40s/it, Epoch=150/150, Fold=1/5, Loss=0.0347]
Fold 1 - R2_MEP: 0.9889, R2_ThermalEfficiency: 0.8940
Trial 5 | Fold 2/5: 100%|██████████| 150/150 [06:09<00:00,  2.46s/it, Epoch=150/150, Fold=2/5, Loss=0.0349]
Fold 2 - R2_MEP: 0.9901, R2_ThermalEfficiency: 0.9079
Trial 5 | Fold 3/5: 100%|██████████| 150/150 [05:45<00:00,  2.30s/it, Epoch=150/150, Fold=3/5, Loss=0.0336]
Fold 3 - R2_MEP: 0.9907, R2_ThermalEfficiency: 0.9372
Trial 5 | Fold 4/5: 100%|██████████| 150/150 [05:28<00:00,  2.19s/it, Epoch=150/150, Fold=4/5, Loss=0.0338]
Fold 4 - R2_MEP: 0.9877, R2_ThermalEfficiency: 0.8835
Trial 5 | Fold 5/5: 100%|██████████| 150/150 [06:09<00:00,  2.46s/it, Epoch=150/150, Fold=5/5, Loss=0.0316]
Fold 5 - R2_MEP: 0.9922, R2_ThermalEfficiency: 0.9146
Trial 5 finished with Composite R² = 0.9363
    R²_MEP = 0.9899, R²_ThermalEfficiency = 0.9074
    Parameters: {'kernel_std_1': 1.3967537719965213, 'n_bins_1': 18, 'kernel_std_2': 1.3765068228209596, 'n_bins_2': 16, 'learning_rate': 3.609842370715754e-05, 'batch_size': 32, 'num_epochs': 150, 'dropout': 0.16973110550689202, 'num_transformer_layers': 2, 'd_model': 128, 'nhead': 4, 'category_embedding_dim': 8, 'ST_shared_layer_sizes': [64, 32], 'ST_task1_layer_sizes': [32, 16], 'ST_task2_layer_sizes': [128, 64], 'ET_shared_layer_sizes': [64, 32], 'ET_task1_layer_sizes': [128, 64], 'ET_task2_layer_sizes': [64, 32], 'NA_shared_layer_sizes': [256, 128], 'NA_task1_layer_sizes': [128, 64], 'NA_task2_layer_sizes': [64, 32], 'physics_loss_weight': 4.353923323672809, 'efficiency_loss_weight': 5.403450323214457}
[I 2025-03-23 23:14:32,237] Trial 4 finished with value: 0.9363127487897873 and parameters: {'kernel_std_1': 1.3967537719965213, 'n_bins_1': 18, 'kernel_std_2': 1.3765068228209596, 'n_bins_2': 16, 'learning_rate': 3.609842370715754e-05, 'batch_size': 32, 'num_epochs': 150, 'dropout': 0.16973110550689202, 'num_transformer_layers': 2, 'd_model': 128, 'nhead': 4, 'category_embedding_dim': 8, 'ST_shared_layer_sizes': [64, 32], 'ST_task1_layer_sizes': [32, 16], 'ST_task2_layer_sizes': [128, 64], 'ET_shared_layer_sizes': [64, 32], 'ET_task1_layer_sizes': [128, 64], 'ET_task2_layer_sizes': [64, 32], 'NA_shared_layer_sizes': [256, 128], 'NA_task1_layer_sizes': [128, 64], 'NA_task2_layer_sizes': [64, 32], 'physics_loss_weight': 4.353923323672809, 'efficiency_loss_weight': 5.403450323214457}. Best is trial 1 with value: 0.9491672396659852.
Trial 6 | Fold 1/5: 100%|██████████| 150/150 [03:22<00:00,  1.35s/it, Epoch=150/150, Fold=1/5, Loss=0.0783]
Fold 1 - R2_MEP: 0.9832, R2_ThermalEfficiency: 0.8357
Trial 6 | Fold 2/5: 100%|██████████| 150/150 [03:13<00:00,  1.29s/it, Epoch=150/150, Fold=2/5, Loss=0.0698]
Fold 2 - R2_MEP: 0.9860, R2_ThermalEfficiency: 0.8780
Trial 6 | Fold 3/5: 100%|██████████| 150/150 [03:21<00:00,  1.34s/it, Epoch=150/150, Fold=3/5, Loss=0.0796]
Fold 3 - R2_MEP: 0.9748, R2_ThermalEfficiency: 0.8553
Trial 6 | Fold 4/5: 100%|██████████| 150/150 [03:16<00:00,  1.31s/it, Epoch=150/150, Fold=4/5, Loss=0.0745]
Fold 4 - R2_MEP: 0.9810, R2_ThermalEfficiency: 0.8465
Trial 6 | Fold 5/5: 100%|██████████| 150/150 [03:18<00:00,  1.32s/it, Epoch=150/150, Fold=5/5, Loss=0.0669]
[I 2025-03-23 23:31:06,390] Trial 5 finished with value: 0.8989153504371643 and parameters: {'kernel_std_1': 1.4202398279795108, 'n_bins_1': 20, 'kernel_std_2': 0.83506688068486, 'n_bins_2': 10, 'learning_rate': 3.949913870791955e-05, 'batch_size': 128, 'num_epochs': 150, 'dropout': 0.1987057819721325, 'num_transformer_layers': 3, 'd_model': 128, 'nhead': 8, 'category_embedding_dim': 12, 'ST_shared_layer_sizes': [128, 64], 'ST_task1_layer_sizes': [64, 32], 'ST_task2_layer_sizes': [64, 32], 'ET_shared_layer_sizes': [128, 64], 'ET_task1_layer_sizes': [128, 64], 'ET_task2_layer_sizes': [32, 16], 'NA_shared_layer_sizes': [256, 128], 'NA_task1_layer_sizes': [32, 16], 'NA_task2_layer_sizes': [64, 32], 'physics_loss_weight': 3.594148633682034, 'efficiency_loss_weight': 7.59555549360892}. Best is trial 1 with value: 0.9491672396659852.
Fold 5 - R2_MEP: 0.9820, R2_ThermalEfficiency: 0.8569
Trial 6 finished with Composite R² = 0.8989
    R²_MEP = 0.9814, R²_ThermalEfficiency = 0.8545
    Parameters: {'kernel_std_1': 1.4202398279795108, 'n_bins_1': 20, 'kernel_std_2': 0.83506688068486, 'n_bins_2': 10, 'learning_rate': 3.949913870791955e-05, 'batch_size': 128, 'num_epochs': 150, 'dropout': 0.1987057819721325, 'num_transformer_layers': 3, 'd_model': 128, 'nhead': 8, 'category_embedding_dim': 12, 'ST_shared_layer_sizes': [128, 64], 'ST_task1_layer_sizes': [64, 32], 'ST_task2_layer_sizes': [64, 32], 'ET_shared_layer_sizes': [128, 64], 'ET_task1_layer_sizes': [128, 64], 'ET_task2_layer_sizes': [32, 16], 'NA_shared_layer_sizes': [256, 128], 'NA_task1_layer_sizes': [32, 16], 'NA_task2_layer_sizes': [64, 32], 'physics_loss_weight': 3.594148633682034, 'efficiency_loss_weight': 7.59555549360892}
Trial 7 | Fold 1/5: 100%|██████████| 170/170 [04:18<00:00,  1.52s/it, Epoch=170/170, Fold=1/5, Loss=0.0383]
Fold 1 - R2_MEP: 0.9865, R2_ThermalEfficiency: 0.8847
Trial 7 | Fold 2/5: 100%|██████████| 170/170 [04:14<00:00,  1.50s/it, Epoch=170/170, Fold=2/5, Loss=0.0477]
Fold 2 - R2_MEP: 0.9860, R2_ThermalEfficiency: 0.9051
Trial 7 | Fold 3/5: 100%|██████████| 170/170 [04:17<00:00,  1.52s/it, Epoch=170/170, Fold=3/5, Loss=0.0424]
Fold 3 - R2_MEP: 0.9919, R2_ThermalEfficiency: 0.9421
Trial 7 | Fold 4/5: 100%|██████████| 170/170 [04:24<00:00,  1.55s/it, Epoch=170/170, Fold=4/5, Loss=0.0401]
Fold 4 - R2_MEP: 0.9881, R2_ThermalEfficiency: 0.9089
Trial 7 | Fold 5/5: 100%|██████████| 170/170 [04:17<00:00,  1.51s/it, Epoch=170/170, Fold=5/5, Loss=0.043]
Fold 5 - R2_MEP: 0.9897, R2_ThermalEfficiency: 0.9145
Trial 7 finished with Composite R² = 0.9381
    R²_MEP = 0.9884, R²_ThermalEfficiency = 0.9111
    Parameters: {'kernel_std_1': 1.1755928494264625, 'n_bins_1': 14, 'kernel_std_2': 1.0754973017176044, 'n_bins_2': 12, 'learning_rate': 3.680692418191076e-05, 'batch_size': 32, 'num_epochs': 170, 'dropout': 0.18622203274921423, 'num_transformer_layers': 3, 'd_model': 128, 'nhead': 4, 'category_embedding_dim': 16, 'ST_shared_layer_sizes': [64, 32], 'ST_task1_layer_sizes': [32, 16], 'ST_task2_layer_sizes': [32, 16], 'ET_shared_layer_sizes': [256, 128], 'ET_task1_layer_sizes': [32, 16], 'ET_task2_layer_sizes': [32, 16], 'NA_shared_layer_sizes': [256, 128], 'NA_task1_layer_sizes': [128, 64], 'NA_task2_layer_sizes': [128, 64], 'physics_loss_weight': 5.135964329753429, 'efficiency_loss_weight': 7.571284365660416}
[I 2025-03-23 23:52:40,948] Trial 6 finished with value: 0.9381462985277176 and parameters: {'kernel_std_1': 1.1755928494264625, 'n_bins_1': 14, 'kernel_std_2': 1.0754973017176044, 'n_bins_2': 12, 'learning_rate': 3.680692418191076e-05, 'batch_size': 32, 'num_epochs': 170, 'dropout': 0.18622203274921423, 'num_transformer_layers': 3, 'd_model': 128, 'nhead': 4, 'category_embedding_dim': 16, 'ST_shared_layer_sizes': [64, 32], 'ST_task1_layer_sizes': [32, 16], 'ST_task2_layer_sizes': [32, 16], 'ET_shared_layer_sizes': [256, 128], 'ET_task1_layer_sizes': [32, 16], 'ET_task2_layer_sizes': [32, 16], 'NA_shared_layer_sizes': [256, 128], 'NA_task1_layer_sizes': [128, 64], 'NA_task2_layer_sizes': [128, 64], 'physics_loss_weight': 5.135964329753429, 'efficiency_loss_weight': 7.571284365660416}. Best is trial 1 with value: 0.9491672396659852.
Trial 8 | Fold 1/5: 100%|██████████| 190/190 [08:15<00:00,  2.61s/it, Epoch=190/190, Fold=1/5, Loss=0.0346]
Fold 1 - R2_MEP: 0.9909, R2_ThermalEfficiency: 0.9058
Trial 8 | Fold 2/5: 100%|██████████| 190/190 [08:19<00:00,  2.63s/it, Epoch=190/190, Fold=2/5, Loss=0.0362]
Fold 2 - R2_MEP: 0.9928, R2_ThermalEfficiency: 0.9227
Trial 8 | Fold 3/5: 100%|██████████| 190/190 [07:45<00:00,  2.45s/it, Epoch=190/190, Fold=3/5, Loss=0.0389]
Fold 3 - R2_MEP: 0.9907, R2_ThermalEfficiency: 0.9378
Trial 8 | Fold 4/5: 100%|██████████| 190/190 [08:20<00:00,  2.63s/it, Epoch=190/190, Fold=4/5, Loss=0.0293]
Fold 4 - R2_MEP: 0.9914, R2_ThermalEfficiency: 0.9156
Trial 8 | Fold 5/5: 100%|██████████| 190/190 [08:20<00:00,  2.63s/it, Epoch=190/190, Fold=5/5, Loss=0.0332]
Fold 5 - R2_MEP: 0.9895, R2_ThermalEfficiency: 0.8953
Trial 8 finished with Composite R² = 0.9419
    R²_MEP = 0.9911, R²_ThermalEfficiency = 0.9155
    Parameters: {'kernel_std_1': 1.4153801135723274, 'n_bins_1': 14, 'kernel_std_2': 1.3905996503596576, 'n_bins_2': 14, 'learning_rate': 0.00010540956338331826, 'batch_size': 32, 'num_epochs': 190, 'dropout': 0.14044043894226776, 'num_transformer_layers': 3, 'd_model': 32, 'nhead': 8, 'category_embedding_dim': 12, 'ST_shared_layer_sizes': [64, 32], 'ST_task1_layer_sizes': [64, 32], 'ST_task2_layer_sizes': [32, 16], 'ET_shared_layer_sizes': [256, 128], 'ET_task1_layer_sizes': [64, 32], 'ET_task2_layer_sizes': [32, 16], 'NA_shared_layer_sizes': [128, 64], 'NA_task1_layer_sizes': [32, 16], 'NA_task2_layer_sizes': [128, 64], 'physics_loss_weight': 5.974077396446269, 'efficiency_loss_weight': 6.011641408827542}
[I 2025-03-24 00:33:48,696] Trial 7 finished with value: 0.9419199138879777 and parameters: {'kernel_std_1': 1.4153801135723274, 'n_bins_1': 14, 'kernel_std_2': 1.3905996503596576, 'n_bins_2': 14, 'learning_rate': 0.00010540956338331826, 'batch_size': 32, 'num_epochs': 190, 'dropout': 0.14044043894226776, 'num_transformer_layers': 3, 'd_model': 32, 'nhead': 8, 'category_embedding_dim': 12, 'ST_shared_layer_sizes': [64, 32], 'ST_task1_layer_sizes': [64, 32], 'ST_task2_layer_sizes': [32, 16], 'ET_shared_layer_sizes': [256, 128], 'ET_task1_layer_sizes': [64, 32], 'ET_task2_layer_sizes': [32, 16], 'NA_shared_layer_sizes': [128, 64], 'NA_task1_layer_sizes': [32, 16], 'NA_task2_layer_sizes': [128, 64], 'physics_loss_weight': 5.974077396446269, 'efficiency_loss_weight': 6.011641408827542}. Best is trial 1 with value: 0.9491672396659852.
Trial 9 | Fold 1/5: 100%|██████████| 160/160 [03:43<00:00,  1.40s/it, Epoch=160/160, Fold=1/5, Loss=0.0412]
Fold 1 - R2_MEP: 0.9852, R2_ThermalEfficiency: 0.8811
Trial 9 | Fold 2/5: 100%|██████████| 160/160 [03:44<00:00,  1.40s/it, Epoch=160/160, Fold=2/5, Loss=0.0455]
Fold 2 - R2_MEP: 0.9884, R2_ThermalEfficiency: 0.8870
Trial 9 | Fold 3/5: 100%|██████████| 160/160 [03:41<00:00,  1.39s/it, Epoch=160/160, Fold=3/5, Loss=0.0478]
Fold 3 - R2_MEP: 0.9883, R2_ThermalEfficiency: 0.8762
Trial 9 | Fold 4/5: 100%|██████████| 160/160 [03:44<00:00,  1.41s/it, Epoch=160/160, Fold=4/5, Loss=0.0459]
Fold 4 - R2_MEP: 0.9765, R2_ThermalEfficiency: 0.8620
Trial 9 | Fold 5/5: 100%|██████████| 160/160 [03:44<00:00,  1.41s/it, Epoch=160/160, Fold=5/5, Loss=0.0518]
Fold 5 - R2_MEP: 0.9851, R2_ThermalEfficiency: 0.8329
Trial 9 finished with Composite R² = 0.9087
    R²_MEP = 0.9847, R²_ThermalEfficiency = 0.8678
    Parameters: {'kernel_std_1': 1.7871673422947252, 'n_bins_1': 14, 'kernel_std_2': 0.9676251363430175, 'n_bins_2': 18, 'learning_rate': 4.8620962836315206e-05, 'batch_size': 128, 'num_epochs': 160, 'dropout': 0.08846903472220594, 'num_transformer_layers': 3, 'd_model': 128, 'nhead': 8, 'category_embedding_dim': 12, 'ST_shared_layer_sizes': [64, 32], 'ST_task1_layer_sizes': [32, 16], 'ST_task2_layer_sizes': [64, 32], 'ET_shared_layer_sizes': [256, 128], 'ET_task1_layer_sizes': [32, 16], 'ET_task2_layer_sizes': [32, 16], 'NA_shared_layer_sizes': [64, 32], 'NA_task1_layer_sizes': [32, 16], 'NA_task2_layer_sizes': [64, 32], 'physics_loss_weight': 2.519331507241919, 'efficiency_loss_weight': 5.358843507490681}
