[I 2025-03-24 00:52:31,122] Trial 8 finished with value: 0.9087453418970108 and parameters: {'kernel_std_1': 1.7871673422947252, 'n_bins_1': 14, 'kernel_std_2': 0.9676251363430175, 'n_bins_2': 18, 'learning_rate': 4.8620962836315206e-05, 'batch_size': 128, 'num_epochs': 160, 'dropout': 0.08846903472220594, 'num_transformer_layers': 3, 'd_model': 128, 'nhead': 8, 'category_embedding_dim': 12, 'ST_shared_layer_sizes': [64, 32], 'ST_task1_layer_sizes': [32, 16], 'ST_task2_layer_sizes': [64, 32], 'ET_shared_layer_sizes': [256, 128], 'ET_task1_layer_sizes': [32, 16], 'ET_task2_layer_sizes': [32, 16], 'NA_shared_layer_sizes': [64, 32], 'NA_task1_layer_sizes': [32, 16], 'NA_task2_layer_sizes': [64, 32], 'physics_loss_weight': 2.519331507241919, 'efficiency_loss_weight': 5.358843507490681}. Best is trial 1 with value: 0.9491672396659852.
Trial 10 | Fold 1/5: 100%|██████████| 150/150 [05:31<00:00,  2.21s/it, Epoch=150/150, Fold=1/5, Loss=0.0391]
Fold 1 - R2_MEP: 0.9903, R2_ThermalEfficiency: 0.8938
Trial 10 | Fold 2/5: 100%|██████████| 150/150 [05:55<00:00,  2.37s/it, Epoch=150/150, Fold=2/5, Loss=0.0416]
Fold 2 - R2_MEP: 0.9910, R2_ThermalEfficiency: 0.9042
Trial 10 | Fold 3/5: 100%|██████████| 150/150 [05:56<00:00,  2.38s/it, Epoch=150/150, Fold=3/5, Loss=0.0468]
Fold 3 - R2_MEP: 0.9903, R2_ThermalEfficiency: 0.9185
Trial 10 | Fold 4/5: 100%|██████████| 150/150 [05:56<00:00,  2.37s/it, Epoch=150/150, Fold=4/5, Loss=0.0346]
Fold 4 - R2_MEP: 0.9907, R2_ThermalEfficiency: 0.9024
Trial 10 | Fold 5/5: 100%|██████████| 150/150 [05:52<00:00,  2.35s/it, Epoch=150/150, Fold=5/5, Loss=0.0433]
Fold 5 - R2_MEP: 0.9916, R2_ThermalEfficiency: 0.9161
Trial 10 finished with Composite R² = 0.9363
    R²_MEP = 0.9908, R²_ThermalEfficiency = 0.9070
    Parameters: {'kernel_std_1': 1.1001969993062262, 'n_bins_1': 18, 'kernel_std_2': 1.4684327497948233, 'n_bins_2': 18, 'learning_rate': 0.0001417448877884753, 'batch_size': 64, 'num_epochs': 150, 'dropout': 0.14248414542841553, 'num_transformer_layers': 2, 'd_model': 64, 'nhead': 8, 'category_embedding_dim': 16, 'ST_shared_layer_sizes': [64, 32], 'ST_task1_layer_sizes': [64, 32], 'ST_task2_layer_sizes': [32, 16], 'ET_shared_layer_sizes': [64, 32], 'ET_task1_layer_sizes': [64, 32], 'ET_task2_layer_sizes': [32, 16], 'NA_shared_layer_sizes': [128, 64], 'NA_task1_layer_sizes': [32, 16], 'NA_task2_layer_sizes': [128, 64], 'physics_loss_weight': 3.6463484279370704, 'efficiency_loss_weight': 7.448076784563218}
[I 2025-03-24 01:21:47,909] Trial 9 finished with value: 0.9363305187225343 and parameters: {'kernel_std_1': 1.1001969993062262, 'n_bins_1': 18, 'kernel_std_2': 1.4684327497948233, 'n_bins_2': 18, 'learning_rate': 0.0001417448877884753, 'batch_size': 64, 'num_epochs': 150, 'dropout': 0.14248414542841553, 'num_transformer_layers': 2, 'd_model': 64, 'nhead': 8, 'category_embedding_dim': 16, 'ST_shared_layer_sizes': [64, 32], 'ST_task1_layer_sizes': [64, 32], 'ST_task2_layer_sizes': [32, 16], 'ET_shared_layer_sizes': [64, 32], 'ET_task1_layer_sizes': [64, 32], 'ET_task2_layer_sizes': [32, 16], 'NA_shared_layer_sizes': [128, 64], 'NA_task1_layer_sizes': [32, 16], 'NA_task2_layer_sizes': [128, 64], 'physics_loss_weight': 3.6463484279370704, 'efficiency_loss_weight': 7.448076784563218}. Best is trial 1 with value: 0.9491672396659852.
Trial 11 | Fold 1/5: 100%|██████████| 200/200 [08:07<00:00,  2.44s/it, Epoch=200/200, Fold=1/5, Loss=0.207]
Fold 1 - R2_MEP: 0.8955, R2_ThermalEfficiency: 0.7087
Trial 11 | Fold 2/5: 100%|██████████| 200/200 [08:07<00:00,  2.44s/it, Epoch=200/200, Fold=2/5, Loss=0.231]
Fold 2 - R2_MEP: 0.9043, R2_ThermalEfficiency: 0.7398
Trial 11 | Fold 3/5: 100%|██████████| 200/200 [08:08<00:00,  2.44s/it, Epoch=200/200, Fold=3/5, Loss=0.298]
Fold 3 - R2_MEP: 0.8967, R2_ThermalEfficiency: 0.6560
Trial 11 | Fold 4/5: 100%|██████████| 200/200 [08:08<00:00,  2.44s/it, Epoch=200/200, Fold=4/5, Loss=0.556]
Fold 4 - R2_MEP: 0.6368, R2_ThermalEfficiency: 0.5586
Trial 11 | Fold 5/5: 100%|██████████| 200/200 [08:09<00:00,  2.45s/it, Epoch=200/200, Fold=5/5, Loss=0.185]
Fold 5 - R2_MEP: 0.9293, R2_ThermalEfficiency: 0.7259
Trial 11 finished with Composite R² = 0.7390
    R²_MEP = 0.8525, R²_ThermalEfficiency = 0.6778
    Parameters: {'kernel_std_1': 1.6231232104508386, 'n_bins_1': 24, 'kernel_std_2': 1.2179187955534179, 'n_bins_2': 20, 'learning_rate': 1.053391210923284e-05, 'batch_size': 64, 'num_epochs': 200, 'dropout': 0.061368286174885586, 'num_transformer_layers': 4, 'd_model': 32, 'nhead': 4, 'category_embedding_dim': 8, 'ST_shared_layer_sizes': [128, 64], 'ST_task1_layer_sizes': [128, 64], 'ST_task2_layer_sizes': [128, 64], 'ET_shared_layer_sizes': [64, 32], 'ET_task1_layer_sizes': [64, 32], 'ET_task2_layer_sizes': [128, 64], 'NA_shared_layer_sizes': [64, 32], 'NA_task1_layer_sizes': [64, 32], 'NA_task2_layer_sizes': [64, 32], 'physics_loss_weight': 3.6554796028504057, 'efficiency_loss_weight': 6.937434458628488}
[I 2025-03-24 02:02:34,746] Trial 10 finished with value: 0.738966429233551 and parameters: {'kernel_std_1': 1.6231232104508386, 'n_bins_1': 24, 'kernel_std_2': 1.2179187955534179, 'n_bins_2': 20, 'learning_rate': 1.053391210923284e-05, 'batch_size': 64, 'num_epochs': 200, 'dropout': 0.061368286174885586, 'num_transformer_layers': 4, 'd_model': 32, 'nhead': 4, 'category_embedding_dim': 8, 'ST_shared_layer_sizes': [128, 64], 'ST_task1_layer_sizes': [128, 64], 'ST_task2_layer_sizes': [128, 64], 'ET_shared_layer_sizes': [64, 32], 'ET_task1_layer_sizes': [64, 32], 'ET_task2_layer_sizes': [128, 64], 'NA_shared_layer_sizes': [64, 32], 'NA_task1_layer_sizes': [64, 32], 'NA_task2_layer_sizes': [64, 32], 'physics_loss_weight': 3.6554796028504057, 'efficiency_loss_weight': 6.937434458628488}. Best is trial 1 with value: 0.9491672396659852.
Trial 12 | Fold 1/5: 100%|██████████| 160/160 [06:11<00:00,  2.32s/it, Epoch=160/160, Fold=1/5, Loss=0.0286]
Fold 1 - R2_MEP: 0.9890, R2_ThermalEfficiency: 0.9154
Trial 12 | Fold 2/5: 100%|██████████| 160/160 [06:17<00:00,  2.36s/it, Epoch=160/160, Fold=2/5, Loss=0.0218]
Fold 2 - R2_MEP: 0.9903, R2_ThermalEfficiency: 0.9339
Trial 12 | Fold 3/5: 100%|██████████| 160/160 [06:17<00:00,  2.36s/it, Epoch=160/160, Fold=3/5, Loss=0.0285]
Fold 3 - R2_MEP: 0.9930, R2_ThermalEfficiency: 0.9430
Trial 12 | Fold 4/5: 100%|██████████| 160/160 [06:18<00:00,  2.37s/it, Epoch=160/160, Fold=4/5, Loss=0.0215]
Fold 4 - R2_MEP: 0.9932, R2_ThermalEfficiency: 0.9257
Trial 12 | Fold 5/5: 100%|██████████| 160/160 [06:19<00:00,  2.37s/it, Epoch=160/160, Fold=5/5, Loss=0.0223]
[I 2025-03-24 02:34:04,827] Trial 11 finished with value: 0.9508325207233429 and parameters: {'kernel_std_1': 1.958816589355822, 'n_bins_1': 22, 'kernel_std_2': 1.1985943495485791, 'n_bins_2': 20, 'learning_rate': 0.0006648488816633415, 'batch_size': 64, 'num_epochs': 160, 'dropout': 0.10783986187739962, 'num_transformer_layers': 2, 'd_model': 64, 'nhead': 4, 'category_embedding_dim': 12, 'ST_shared_layer_sizes': [64, 32], 'ST_task1_layer_sizes': [128, 64], 'ST_task2_layer_sizes': [32, 16], 'ET_shared_layer_sizes': [128, 64], 'ET_task1_layer_sizes': [128, 64], 'ET_task2_layer_sizes': [128, 64], 'NA_shared_layer_sizes': [64, 32], 'NA_task1_layer_sizes': [128, 64], 'NA_task2_layer_sizes': [32, 16], 'physics_loss_weight': 3.117292842473346, 'efficiency_loss_weight': 6.195565297680709}. Best is trial 11 with value: 0.9508325207233429.
Fold 5 - R2_MEP: 0.9909, R2_ThermalEfficiency: 0.9273
Trial 12 finished with Composite R² = 0.9508
    R²_MEP = 0.9913, R²_ThermalEfficiency = 0.9291
    Parameters: {'kernel_std_1': 1.958816589355822, 'n_bins_1': 22, 'kernel_std_2': 1.1985943495485791, 'n_bins_2': 20, 'learning_rate': 0.0006648488816633415, 'batch_size': 64, 'num_epochs': 160, 'dropout': 0.10783986187739962, 'num_transformer_layers': 2, 'd_model': 64, 'nhead': 4, 'category_embedding_dim': 12, 'ST_shared_layer_sizes': [64, 32], 'ST_task1_layer_sizes': [128, 64], 'ST_task2_layer_sizes': [32, 16], 'ET_shared_layer_sizes': [128, 64], 'ET_task1_layer_sizes': [128, 64], 'ET_task2_layer_sizes': [128, 64], 'NA_shared_layer_sizes': [64, 32], 'NA_task1_layer_sizes': [128, 64], 'NA_task2_layer_sizes': [32, 16], 'physics_loss_weight': 3.117292842473346, 'efficiency_loss_weight': 6.195565297680709}
Trial 13 | Fold 1/5: 100%|██████████| 180/180 [07:05<00:00,  2.36s/it, Epoch=180/180, Fold=1/5, Loss=0.0281]
Fold 1 - R2_MEP: 0.9897, R2_ThermalEfficiency: 0.9077
Trial 13 | Fold 2/5: 100%|██████████| 180/180 [07:05<00:00,  2.36s/it, Epoch=180/180, Fold=2/5, Loss=0.0211]
Fold 2 - R2_MEP: 0.9930, R2_ThermalEfficiency: 0.9302
Trial 13 | Fold 3/5: 100%|██████████| 180/180 [07:06<00:00,  2.37s/it, Epoch=180/180, Fold=3/5, Loss=0.025]
Fold 3 - R2_MEP: 0.9940, R2_ThermalEfficiency: 0.9510
Trial 13 | Fold 4/5: 100%|██████████| 180/180 [07:07<00:00,  2.38s/it, Epoch=180/180, Fold=4/5, Loss=0.0257]
Fold 4 - R2_MEP: 0.9862, R2_ThermalEfficiency: 0.9092
Trial 13 | Fold 5/5: 100%|██████████| 180/180 [07:09<00:00,  2.38s/it, Epoch=180/180, Fold=5/5, Loss=0.0225]
Fold 5 - R2_MEP: 0.9936, R2_ThermalEfficiency: 0.9211
Trial 13 finished with Composite R² = 0.9475
    R²_MEP = 0.9913, R²_ThermalEfficiency = 0.9238
    Parameters: {'kernel_std_1': 1.9492021677389997, 'n_bins_1': 24, 'kernel_std_2': 1.2064198647971267, 'n_bins_2': 20, 'learning_rate': 0.0006762445569452639, 'batch_size': 64, 'num_epochs': 180, 'dropout': 0.10489449828677884, 'num_transformer_layers': 2, 'd_model': 64, 'nhead': 4, 'category_embedding_dim': 12, 'ST_shared_layer_sizes': [64, 32], 'ST_task1_layer_sizes': [128, 64], 'ST_task2_layer_sizes': [32, 16], 'ET_shared_layer_sizes': [64, 32], 'ET_task1_layer_sizes': [128, 64], 'ET_task2_layer_sizes': [128, 64], 'NA_shared_layer_sizes': [64, 32], 'NA_task1_layer_sizes': [128, 64], 'NA_task2_layer_sizes': [32, 16], 'physics_loss_weight': 3.162071593147133, 'efficiency_loss_weight': 6.575821581845693}
[I 2025-03-24 03:09:44,170] Trial 12 finished with value: 0.9474568289518357 and parameters: {'kernel_std_1': 1.9492021677389997, 'n_bins_1': 24, 'kernel_std_2': 1.2064198647971267, 'n_bins_2': 20, 'learning_rate': 0.0006762445569452639, 'batch_size': 64, 'num_epochs': 180, 'dropout': 0.10489449828677884, 'num_transformer_layers': 2, 'd_model': 64, 'nhead': 4, 'category_embedding_dim': 12, 'ST_shared_layer_sizes': [64, 32], 'ST_task1_layer_sizes': [128, 64], 'ST_task2_layer_sizes': [32, 16], 'ET_shared_layer_sizes': [64, 32], 'ET_task1_layer_sizes': [128, 64], 'ET_task2_layer_sizes': [128, 64], 'NA_shared_layer_sizes': [64, 32], 'NA_task1_layer_sizes': [128, 64], 'NA_task2_layer_sizes': [32, 16], 'physics_loss_weight': 3.162071593147133, 'efficiency_loss_weight': 6.575821581845693}. Best is trial 11 with value: 0.9508325207233429.
Trial 14 | Fold 1/5: 100%|██████████| 160/160 [06:18<00:00,  2.37s/it, Epoch=160/160, Fold=1/5, Loss=0.0341]
Fold 1 - R2_MEP: 0.9876, R2_ThermalEfficiency: 0.9264
Trial 14 | Fold 2/5: 100%|██████████| 160/160 [06:19<00:00,  2.37s/it, Epoch=160/160, Fold=2/5, Loss=0.0287]
Fold 2 - R2_MEP: 0.9912, R2_ThermalEfficiency: 0.9224
Trial 14 | Fold 3/5: 100%|██████████| 160/160 [06:18<00:00,  2.37s/it, Epoch=160/160, Fold=3/5, Loss=0.0251]
Fold 3 - R2_MEP: 0.9915, R2_ThermalEfficiency: 0.9566
Trial 14 | Fold 4/5: 100%|██████████| 160/160 [06:19<00:00,  2.37s/it, Epoch=160/160, Fold=4/5, Loss=0.0223]
Fold 4 - R2_MEP: 0.9930, R2_ThermalEfficiency: 0.9222
Trial 14 | Fold 5/5: 100%|██████████| 160/160 [06:21<00:00,  2.38s/it, Epoch=160/160, Fold=5/5, Loss=0.0214]
Fold 5 - R2_MEP: 0.9929, R2_ThermalEfficiency: 0.9358
Trial 14 finished with Composite R² = 0.9532
    R²_MEP = 0.9912, R²_ThermalEfficiency = 0.9327
    Parameters: {'kernel_std_1': 1.610209086150965, 'n_bins_1': 22, 'kernel_std_2': 1.1135781580966717, 'n_bins_2': 20, 'learning_rate': 0.0006977320394077367, 'batch_size': 64, 'num_epochs': 160, 'dropout': 0.055227753458096426, 'num_transformer_layers': 2, 'd_model': 64, 'nhead': 4, 'category_embedding_dim': 12, 'ST_shared_layer_sizes': [64, 32], 'ST_task1_layer_sizes': [128, 64], 'ST_task2_layer_sizes': [32, 16], 'ET_shared_layer_sizes': [128, 64], 'ET_task1_layer_sizes': [128, 64], 'ET_task2_layer_sizes': [128, 64], 'NA_shared_layer_sizes': [64, 32], 'NA_task1_layer_sizes': [128, 64], 'NA_task2_layer_sizes': [32, 16], 'physics_loss_weight': 3.0274209140525374, 'efficiency_loss_weight': 6.434337208650204}
[I 2025-03-24 03:41:27,212] Trial 13 finished with value: 0.9531789422035217 and parameters: {'kernel_std_1': 1.610209086150965, 'n_bins_1': 22, 'kernel_std_2': 1.1135781580966717, 'n_bins_2': 20, 'learning_rate': 0.0006977320394077367, 'batch_size': 64, 'num_epochs': 160, 'dropout': 0.055227753458096426, 'num_transformer_layers': 2, 'd_model': 64, 'nhead': 4, 'category_embedding_dim': 12, 'ST_shared_layer_sizes': [64, 32], 'ST_task1_layer_sizes': [128, 64], 'ST_task2_layer_sizes': [32, 16], 'ET_shared_layer_sizes': [128, 64], 'ET_task1_layer_sizes': [128, 64], 'ET_task2_layer_sizes': [128, 64], 'NA_shared_layer_sizes': [64, 32], 'NA_task1_layer_sizes': [128, 64], 'NA_task2_layer_sizes': [32, 16], 'physics_loss_weight': 3.0274209140525374, 'efficiency_loss_weight': 6.434337208650204}. Best is trial 13 with value: 0.9531789422035217.
Trial 15 | Fold 1/5: 100%|██████████| 160/160 [06:19<00:00,  2.37s/it, Epoch=160/160, Fold=1/5, Loss=0.0214]
Fold 1 - R2_MEP: 0.9924, R2_ThermalEfficiency: 0.9161
Trial 15 | Fold 2/5: 100%|██████████| 160/160 [06:19<00:00,  2.37s/it, Epoch=160/160, Fold=2/5, Loss=0.0224]
Fold 2 - R2_MEP: 0.9933, R2_ThermalEfficiency: 0.9190
Trial 15 | Fold 3/5: 100%|██████████| 160/160 [06:20<00:00,  2.38s/it, Epoch=160/160, Fold=3/5, Loss=0.0279]
Fold 3 - R2_MEP: 0.9886, R2_ThermalEfficiency: 0.9327
Trial 15 | Fold 4/5: 100%|██████████| 160/160 [06:21<00:00,  2.38s/it, Epoch=160/160, Fold=4/5, Loss=0.0305]
Fold 4 - R2_MEP: 0.9900, R2_ThermalEfficiency: 0.9135
Trial 15 | Fold 5/5: 100%|██████████| 160/160 [06:23<00:00,  2.39s/it, Epoch=160/160, Fold=5/5, Loss=0.0246]
[I 2025-03-24 04:13:15,221] Trial 14 finished with value: 0.9468871080875396 and parameters: {'kernel_std_1': 1.625897562898752, 'n_bins_1': 22, 'kernel_std_2': 1.0892788128120805, 'n_bins_2': 18, 'learning_rate': 0.00026419905162457447, 'batch_size': 64, 'num_epochs': 160, 'dropout': 0.05246175886189007, 'num_transformer_layers': 2, 'd_model': 64, 'nhead': 4, 'category_embedding_dim': 16, 'ST_shared_layer_sizes': [256, 128], 'ST_task1_layer_sizes': [128, 64], 'ST_task2_layer_sizes': [32, 16], 'ET_shared_layer_sizes': [128, 64], 'ET_task1_layer_sizes': [128, 64], 'ET_task2_layer_sizes': [128, 64], 'NA_shared_layer_sizes': [64, 32], 'NA_task1_layer_sizes': [128, 64], 'NA_task2_layer_sizes': [32, 16], 'physics_loss_weight': 2.995807513642049, 'efficiency_loss_weight': 6.544569107569761}. Best is trial 13 with value: 0.9531789422035217.
Fold 5 - R2_MEP: 0.9937, R2_ThermalEfficiency: 0.9326
Trial 15 finished with Composite R² = 0.9469
    R²_MEP = 0.9916, R²_ThermalEfficiency = 0.9228
    Parameters: {'kernel_std_1': 1.625897562898752, 'n_bins_1': 22, 'kernel_std_2': 1.0892788128120805, 'n_bins_2': 18, 'learning_rate': 0.00026419905162457447, 'batch_size': 64, 'num_epochs': 160, 'dropout': 0.05246175886189007, 'num_transformer_layers': 2, 'd_model': 64, 'nhead': 4, 'category_embedding_dim': 16, 'ST_shared_layer_sizes': [256, 128], 'ST_task1_layer_sizes': [128, 64], 'ST_task2_layer_sizes': [32, 16], 'ET_shared_layer_sizes': [128, 64], 'ET_task1_layer_sizes': [128, 64], 'ET_task2_layer_sizes': [128, 64], 'NA_shared_layer_sizes': [64, 32], 'NA_task1_layer_sizes': [128, 64], 'NA_task2_layer_sizes': [32, 16], 'physics_loss_weight': 2.995807513642049, 'efficiency_loss_weight': 6.544569107569761}
Trial 16 | Fold 1/5: 100%|██████████| 160/160 [06:22<00:00,  2.39s/it, Epoch=160/160, Fold=1/5, Loss=0.0346]
Fold 1 - R2_MEP: 0.9907, R2_ThermalEfficiency: 0.9134
Trial 16 | Fold 2/5: 100%|██████████| 160/160 [06:25<00:00,  2.41s/it, Epoch=160/160, Fold=2/5, Loss=0.0282]
Fold 2 - R2_MEP: 0.9925, R2_ThermalEfficiency: 0.9189
Trial 16 | Fold 3/5: 100%|██████████| 160/160 [06:26<00:00,  2.42s/it, Epoch=160/160, Fold=3/5, Loss=0.0308]
Fold 3 - R2_MEP: 0.9911, R2_ThermalEfficiency: 0.9381
Trial 16 | Fold 4/5: 100%|██████████| 160/160 [06:26<00:00,  2.42s/it, Epoch=160/160, Fold=4/5, Loss=0.0241]
Fold 4 - R2_MEP: 0.9888, R2_ThermalEfficiency: 0.9164
Trial 16 | Fold 5/5: 100%|██████████| 160/160 [06:27<00:00,  2.42s/it, Epoch=160/160, Fold=5/5, Loss=0.0279]
Fold 5 - R2_MEP: 0.9934, R2_ThermalEfficiency: 0.9353
Trial 16 finished with Composite R² = 0.9478
    R²_MEP = 0.9913, R²_ThermalEfficiency = 0.9244
    Parameters: {'kernel_std_1': 1.9811245220341476, 'n_bins_1': 20, 'kernel_std_2': 1.0116313135957236, 'n_bins_2': 20, 'learning_rate': 0.00031102535424792, 'batch_size': 64, 'num_epochs': 160, 'dropout': 0.11244152784450386, 'num_transformer_layers': 3, 'd_model': 64, 'nhead': 4, 'category_embedding_dim': 8, 'ST_shared_layer_sizes': [128, 64], 'ST_task1_layer_sizes': [128, 64], 'ST_task2_layer_sizes': [32, 16], 'ET_shared_layer_sizes': [128, 64], 'ET_task1_layer_sizes': [128, 64], 'ET_task2_layer_sizes': [128, 64], 'NA_shared_layer_sizes': [64, 32], 'NA_task1_layer_sizes': [128, 64], 'NA_task2_layer_sizes': [32, 16], 'physics_loss_weight': 3.9792391700101932, 'efficiency_loss_weight': 6.82447416303213}
[I 2025-03-24 04:45:29,000] Trial 15 finished with value: 0.9478237360715867 and parameters: {'kernel_std_1': 1.9811245220341476, 'n_bins_1': 20, 'kernel_std_2': 1.0116313135957236, 'n_bins_2': 20, 'learning_rate': 0.00031102535424792, 'batch_size': 64, 'num_epochs': 160, 'dropout': 0.11244152784450386, 'num_transformer_layers': 3, 'd_model': 64, 'nhead': 4, 'category_embedding_dim': 8, 'ST_shared_layer_sizes': [128, 64], 'ST_task1_layer_sizes': [128, 64], 'ST_task2_layer_sizes': [32, 16], 'ET_shared_layer_sizes': [128, 64], 'ET_task1_layer_sizes': [128, 64], 'ET_task2_layer_sizes': [128, 64], 'NA_shared_layer_sizes': [64, 32], 'NA_task1_layer_sizes': [128, 64], 'NA_task2_layer_sizes': [32, 16], 'physics_loss_weight': 3.9792391700101932, 'efficiency_loss_weight': 6.82447416303213}. Best is trial 13 with value: 0.9531789422035217.
Trial 17 | Fold 1/5: 100%|██████████| 160/160 [06:15<00:00,  2.35s/it, Epoch=160/160, Fold=1/5, Loss=0.0289]
Fold 1 - R2_MEP: 0.9914, R2_ThermalEfficiency: 0.9167
Trial 17 | Fold 2/5: 100%|██████████| 160/160 [06:17<00:00,  2.36s/it, Epoch=160/160, Fold=2/5, Loss=0.0282]
Fold 2 - R2_MEP: 0.9899, R2_ThermalEfficiency: 0.9180
Trial 17 | Fold 3/5: 100%|██████████| 160/160 [06:17<00:00,  2.36s/it, Epoch=160/160, Fold=3/5, Loss=0.0304]
Fold 3 - R2_MEP: 0.9920, R2_ThermalEfficiency: 0.9203
Trial 17 | Fold 4/5: 100%|██████████| 160/160 [06:18<00:00,  2.37s/it, Epoch=160/160, Fold=4/5, Loss=0.0363]
Fold 4 - R2_MEP: 0.9881, R2_ThermalEfficiency: 0.9038
Trial 17 | Fold 5/5: 100%|██████████| 160/160 [06:18<00:00,  2.36s/it, Epoch=160/160, Fold=5/5, Loss=0.027]
Fold 5 - R2_MEP: 0.9924, R2_ThermalEfficiency: 0.9159
Trial 17 finished with Composite R² = 0.9415
    R²_MEP = 0.9908, R²_ThermalEfficiency = 0.9149
    Parameters: {'kernel_std_1': 1.6176622563405008, 'n_bins_1': 22, 'kernel_std_2': 1.160952770696856, 'n_bins_2': 18, 'learning_rate': 0.00018035572065413288, 'batch_size': 64, 'num_epochs': 160, 'dropout': 0.09638967144216701, 'num_transformer_layers': 2, 'd_model': 64, 'nhead': 4, 'category_embedding_dim': 12, 'ST_shared_layer_sizes': [64, 32], 'ST_task1_layer_sizes': [128, 64], 'ST_task2_layer_sizes': [32, 16], 'ET_shared_layer_sizes': [128, 64], 'ET_task1_layer_sizes': [128, 64], 'ET_task2_layer_sizes': [128, 64], 'NA_shared_layer_sizes': [128, 64], 'NA_task1_layer_sizes': [64, 32], 'NA_task2_layer_sizes': [32, 16], 'physics_loss_weight': 4.820154184998142, 'efficiency_loss_weight': 6.21866955369642}
[I 2025-03-24 05:17:01,462] Trial 16 finished with value: 0.9414785337448119 and parameters: {'kernel_std_1': 1.6176622563405008, 'n_bins_1': 22, 'kernel_std_2': 1.160952770696856, 'n_bins_2': 18, 'learning_rate': 0.00018035572065413288, 'batch_size': 64, 'num_epochs': 160, 'dropout': 0.09638967144216701, 'num_transformer_layers': 2, 'd_model': 64, 'nhead': 4, 'category_embedding_dim': 12, 'ST_shared_layer_sizes': [64, 32], 'ST_task1_layer_sizes': [128, 64], 'ST_task2_layer_sizes': [32, 16], 'ET_shared_layer_sizes': [128, 64], 'ET_task1_layer_sizes': [128, 64], 'ET_task2_layer_sizes': [128, 64], 'NA_shared_layer_sizes': [128, 64], 'NA_task1_layer_sizes': [64, 32], 'NA_task2_layer_sizes': [32, 16], 'physics_loss_weight': 4.820154184998142, 'efficiency_loss_weight': 6.21866955369642}. Best is trial 13 with value: 0.9531789422035217.
Trial 18 | Fold 1/5: 100%|██████████| 160/160 [06:31<00:00,  2.45s/it, Epoch=160/160, Fold=1/5, Loss=0.0239]
Fold 1 - R2_MEP: 0.9907, R2_ThermalEfficiency: 0.9270
Trial 18 | Fold 2/5: 100%|██████████| 160/160 [06:31<00:00,  2.45s/it, Epoch=160/160, Fold=2/5, Loss=0.0286]
Fold 2 - R2_MEP: 0.9901, R2_ThermalEfficiency: 0.9206
Trial 18 | Fold 3/5: 100%|██████████| 160/160 [06:32<00:00,  2.45s/it, Epoch=160/160, Fold=3/5, Loss=0.0298]
Fold 3 - R2_MEP: 0.9911, R2_ThermalEfficiency: 0.9362
Trial 18 | Fold 4/5: 100%|██████████| 160/160 [06:32<00:00,  2.45s/it, Epoch=160/160, Fold=4/5, Loss=0.0236]
Fold 4 - R2_MEP: 0.9892, R2_ThermalEfficiency: 0.9210
Trial 18 | Fold 5/5: 100%|██████████| 160/160 [06:32<00:00,  2.45s/it, Epoch=160/160, Fold=5/5, Loss=0.0278]
