[I 2025-03-24 05:49:46,169] Trial 17 finished with value: 0.949910967350006 and parameters: {'kernel_std_1': 1.825458844242286, 'n_bins_1': 20, 'kernel_std_2': 1.2704743012944908, 'n_bins_2': 16, 'learning_rate': 0.00046452270385553325, 'batch_size': 64, 'num_epochs': 160, 'dropout': 0.13271605831955996, 'num_transformer_layers': 4, 'd_model': 64, 'nhead': 4, 'category_embedding_dim': 8, 'ST_shared_layer_sizes': [64, 32], 'ST_task1_layer_sizes': [128, 64], 'ST_task2_layer_sizes': [128, 64], 'ET_shared_layer_sizes': [128, 64], 'ET_task1_layer_sizes': [32, 16], 'ET_task2_layer_sizes': [128, 64], 'NA_shared_layer_sizes': [64, 32], 'NA_task1_layer_sizes': [128, 64], 'NA_task2_layer_sizes': [32, 16], 'physics_loss_weight': 2.8228135491855086, 'efficiency_loss_weight': 7.118763862575587}. Best is trial 13 with value: 0.9531789422035217.
Fold 5 - R2_MEP: 0.9946, R2_ThermalEfficiency: 0.9337
Trial 18 finished with Composite R² = 0.9499
    R²_MEP = 0.9911, R²_ThermalEfficiency = 0.9277
    Parameters: {'kernel_std_1': 1.825458844242286, 'n_bins_1': 20, 'kernel_std_2': 1.2704743012944908, 'n_bins_2': 16, 'learning_rate': 0.00046452270385553325, 'batch_size': 64, 'num_epochs': 160, 'dropout': 0.13271605831955996, 'num_transformer_layers': 4, 'd_model': 64, 'nhead': 4, 'category_embedding_dim': 8, 'ST_shared_layer_sizes': [64, 32], 'ST_task1_layer_sizes': [128, 64], 'ST_task2_layer_sizes': [128, 64], 'ET_shared_layer_sizes': [128, 64], 'ET_task1_layer_sizes': [32, 16], 'ET_task2_layer_sizes': [128, 64], 'NA_shared_layer_sizes': [64, 32], 'NA_task1_layer_sizes': [128, 64], 'NA_task2_layer_sizes': [32, 16], 'physics_loss_weight': 2.8228135491855086, 'efficiency_loss_weight': 7.118763862575587}
Trial 19 | Fold 1/5: 100%|██████████| 170/170 [06:40<00:00,  2.36s/it, Epoch=170/170, Fold=1/5, Loss=0.0276]
Fold 1 - R2_MEP: 0.9884, R2_ThermalEfficiency: 0.9102
Trial 19 | Fold 2/5: 100%|██████████| 170/170 [06:44<00:00,  2.38s/it, Epoch=170/170, Fold=2/5, Loss=0.0266]
Fold 2 - R2_MEP: 0.9947, R2_ThermalEfficiency: 0.9098
Trial 19 | Fold 3/5: 100%|██████████| 170/170 [06:44<00:00,  2.38s/it, Epoch=170/170, Fold=3/5, Loss=0.0354]
Fold 3 - R2_MEP: 0.9949, R2_ThermalEfficiency: 0.9493
Trial 19 | Fold 4/5: 100%|██████████| 170/170 [06:43<00:00,  2.38s/it, Epoch=170/170, Fold=4/5, Loss=0.036]
Fold 4 - R2_MEP: 0.9909, R2_ThermalEfficiency: 0.9173
Trial 19 | Fold 5/5: 100%|██████████| 170/170 [06:43<00:00,  2.38s/it, Epoch=170/170, Fold=5/5, Loss=0.0321]
Fold 5 - R2_MEP: 0.9940, R2_ThermalEfficiency: 0.9091
Trial 19 finished with Composite R² = 0.9448
    R²_MEP = 0.9926, R²_ThermalEfficiency = 0.9191
    Parameters: {'kernel_std_1': 1.2656494492935766, 'n_bins_1': 24, 'kernel_std_2': 1.080389828157863, 'n_bins_2': 20, 'learning_rate': 0.00022951792644688892, 'batch_size': 64, 'num_epochs': 170, 'dropout': 0.11859140501720004, 'num_transformer_layers': 2, 'd_model': 64, 'nhead': 4, 'category_embedding_dim': 16, 'ST_shared_layer_sizes': [256, 128], 'ST_task1_layer_sizes': [128, 64], 'ST_task2_layer_sizes': [32, 16], 'ET_shared_layer_sizes': [128, 64], 'ET_task1_layer_sizes': [128, 64], 'ET_task2_layer_sizes': [128, 64], 'NA_shared_layer_sizes': [64, 32], 'NA_task1_layer_sizes': [128, 64], 'NA_task2_layer_sizes': [32, 16], 'physics_loss_weight': 3.9097546706164596, 'efficiency_loss_weight': 6.32017134757723}
[I 2025-03-24 06:23:27,856] Trial 18 finished with value: 0.9448429626226424 and parameters: {'kernel_std_1': 1.2656494492935766, 'n_bins_1': 24, 'kernel_std_2': 1.080389828157863, 'n_bins_2': 20, 'learning_rate': 0.00022951792644688892, 'batch_size': 64, 'num_epochs': 170, 'dropout': 0.11859140501720004, 'num_transformer_layers': 2, 'd_model': 64, 'nhead': 4, 'category_embedding_dim': 16, 'ST_shared_layer_sizes': [256, 128], 'ST_task1_layer_sizes': [128, 64], 'ST_task2_layer_sizes': [32, 16], 'ET_shared_layer_sizes': [128, 64], 'ET_task1_layer_sizes': [128, 64], 'ET_task2_layer_sizes': [128, 64], 'NA_shared_layer_sizes': [64, 32], 'NA_task1_layer_sizes': [128, 64], 'NA_task2_layer_sizes': [32, 16], 'physics_loss_weight': 3.9097546706164596, 'efficiency_loss_weight': 6.32017134757723}. Best is trial 13 with value: 0.9531789422035217.
Trial 20 | Fold 1/5: 100%|██████████| 180/180 [07:10<00:00,  2.39s/it, Epoch=180/180, Fold=1/5, Loss=0.0311]
Fold 1 - R2_MEP: 0.9905, R2_ThermalEfficiency: 0.9102
Trial 20 | Fold 2/5: 100%|██████████| 180/180 [07:11<00:00,  2.40s/it, Epoch=180/180, Fold=2/5, Loss=0.0241]
Fold 2 - R2_MEP: 0.9922, R2_ThermalEfficiency: 0.9243
Trial 20 | Fold 3/5: 100%|██████████| 180/180 [07:14<00:00,  2.41s/it, Epoch=180/180, Fold=3/5, Loss=0.0314]
Fold 3 - R2_MEP: 0.9901, R2_ThermalEfficiency: 0.9636
Trial 20 | Fold 4/5: 100%|██████████| 180/180 [07:14<00:00,  2.41s/it, Epoch=180/180, Fold=4/5, Loss=0.0248]
Fold 4 - R2_MEP: 0.9923, R2_ThermalEfficiency: 0.9285
Trial 20 | Fold 5/5: 100%|██████████| 180/180 [07:15<00:00,  2.42s/it, Epoch=180/180, Fold=5/5, Loss=0.0242]
Fold 5 - R2_MEP: 0.9912, R2_ThermalEfficiency: 0.9187
Trial 20 finished with Composite R² = 0.9508
    R²_MEP = 0.9913, R²_ThermalEfficiency = 0.9291
    Parameters: {'kernel_std_1': 1.7457072612342297, 'n_bins_1': 22, 'kernel_std_2': 0.9786979399317325, 'n_bins_2': 18, 'learning_rate': 0.00043059121983913596, 'batch_size': 64, 'num_epochs': 180, 'dropout': 0.08074997386420922, 'num_transformer_layers': 3, 'd_model': 64, 'nhead': 4, 'category_embedding_dim': 12, 'ST_shared_layer_sizes': [128, 64], 'ST_task1_layer_sizes': [128, 64], 'ST_task2_layer_sizes': [32, 16], 'ET_shared_layer_sizes': [128, 64], 'ET_task1_layer_sizes': [128, 64], 'ET_task2_layer_sizes': [128, 64], 'NA_shared_layer_sizes': [64, 32], 'NA_task1_layer_sizes': [64, 32], 'NA_task2_layer_sizes': [32, 16], 'physics_loss_weight': 3.271697777271556, 'efficiency_loss_weight': 7.231917679228339}
[I 2025-03-24 06:59:39,118] Trial 19 finished with value: 0.9508378916978836 and parameters: {'kernel_std_1': 1.7457072612342297, 'n_bins_1': 22, 'kernel_std_2': 0.9786979399317325, 'n_bins_2': 18, 'learning_rate': 0.00043059121983913596, 'batch_size': 64, 'num_epochs': 180, 'dropout': 0.08074997386420922, 'num_transformer_layers': 3, 'd_model': 64, 'nhead': 4, 'category_embedding_dim': 12, 'ST_shared_layer_sizes': [128, 64], 'ST_task1_layer_sizes': [128, 64], 'ST_task2_layer_sizes': [32, 16], 'ET_shared_layer_sizes': [128, 64], 'ET_task1_layer_sizes': [128, 64], 'ET_task2_layer_sizes': [128, 64], 'NA_shared_layer_sizes': [64, 32], 'NA_task1_layer_sizes': [64, 32], 'NA_task2_layer_sizes': [32, 16], 'physics_loss_weight': 3.271697777271556, 'efficiency_loss_weight': 7.231917679228339}. Best is trial 13 with value: 0.9531789422035217.
Trial 21 | Fold 1/5: 100%|██████████| 190/190 [07:11<00:00,  2.27s/it, Epoch=190/190, Fold=1/5, Loss=0.032]
Fold 1 - R2_MEP: 0.9847, R2_ThermalEfficiency: 0.9223
Trial 21 | Fold 2/5: 100%|██████████| 190/190 [07:12<00:00,  2.28s/it, Epoch=190/190, Fold=2/5, Loss=0.036]
Fold 2 - R2_MEP: 0.9901, R2_ThermalEfficiency: 0.8965
Trial 21 | Fold 3/5: 100%|██████████| 190/190 [07:13<00:00,  2.28s/it, Epoch=190/190, Fold=3/5, Loss=0.0292]
Fold 3 - R2_MEP: 0.9916, R2_ThermalEfficiency: 0.9409
Trial 21 | Fold 4/5: 100%|██████████| 190/190 [07:12<00:00,  2.28s/it, Epoch=190/190, Fold=4/5, Loss=0.0233]
Fold 4 - R2_MEP: 0.9923, R2_ThermalEfficiency: 0.9222
Trial 21 | Fold 5/5: 100%|██████████| 190/190 [07:15<00:00,  2.29s/it, Epoch=190/190, Fold=5/5, Loss=0.0261]
Fold 5 - R2_MEP: 0.9930, R2_ThermalEfficiency: 0.9285
Trial 21 finished with Composite R² = 0.9460
    R²_MEP = 0.9903, R²_ThermalEfficiency = 0.9221
    Parameters: {'kernel_std_1': 1.7019992494562501, 'n_bins_1': 20, 'kernel_std_2': 0.9702175337283421, 'n_bins_2': 18, 'learning_rate': 0.0003862068636612794, 'batch_size': 128, 'num_epochs': 190, 'dropout': 0.07544713867880597, 'num_transformer_layers': 4, 'd_model': 64, 'nhead': 4, 'category_embedding_dim': 12, 'ST_shared_layer_sizes': [128, 64], 'ST_task1_layer_sizes': [128, 64], 'ST_task2_layer_sizes': [128, 64], 'ET_shared_layer_sizes': [128, 64], 'ET_task1_layer_sizes': [128, 64], 'ET_task2_layer_sizes': [128, 64], 'NA_shared_layer_sizes': [128, 64], 'NA_task1_layer_sizes': [64, 32], 'NA_task2_layer_sizes': [32, 16], 'physics_loss_weight': 3.354169532110033, 'efficiency_loss_weight': 7.130338347814541}
[I 2025-03-24 07:35:50,395] Trial 20 finished with value: 0.9459578746557236 and parameters: {'kernel_std_1': 1.7019992494562501, 'n_bins_1': 20, 'kernel_std_2': 0.9702175337283421, 'n_bins_2': 18, 'learning_rate': 0.0003862068636612794, 'batch_size': 128, 'num_epochs': 190, 'dropout': 0.07544713867880597, 'num_transformer_layers': 4, 'd_model': 64, 'nhead': 4, 'category_embedding_dim': 12, 'ST_shared_layer_sizes': [128, 64], 'ST_task1_layer_sizes': [128, 64], 'ST_task2_layer_sizes': [128, 64], 'ET_shared_layer_sizes': [128, 64], 'ET_task1_layer_sizes': [128, 64], 'ET_task2_layer_sizes': [128, 64], 'NA_shared_layer_sizes': [128, 64], 'NA_task1_layer_sizes': [64, 32], 'NA_task2_layer_sizes': [32, 16], 'physics_loss_weight': 3.354169532110033, 'efficiency_loss_weight': 7.130338347814541}. Best is trial 13 with value: 0.9531789422035217.
Trial 22 | Fold 1/5: 100%|██████████| 180/180 [07:11<00:00,  2.40s/it, Epoch=180/180, Fold=1/5, Loss=0.033]
Fold 1 - R2_MEP: 0.9889, R2_ThermalEfficiency: 0.9248
Trial 22 | Fold 2/5: 100%|██████████| 180/180 [07:12<00:00,  2.41s/it, Epoch=180/180, Fold=2/5, Loss=0.0246]
Fold 2 - R2_MEP: 0.9951, R2_ThermalEfficiency: 0.9416
Trial 22 | Fold 3/5: 100%|██████████| 180/180 [07:15<00:00,  2.42s/it, Epoch=180/180, Fold=3/5, Loss=0.0298]
Fold 3 - R2_MEP: 0.9951, R2_ThermalEfficiency: 0.9596
Trial 22 | Fold 4/5: 100%|██████████| 180/180 [07:17<00:00,  2.43s/it, Epoch=180/180, Fold=4/5, Loss=0.0218]
Fold 4 - R2_MEP: 0.9915, R2_ThermalEfficiency: 0.9338
Trial 22 | Fold 5/5: 100%|██████████| 180/180 [07:16<00:00,  2.43s/it, Epoch=180/180, Fold=5/5, Loss=0.0251]
Fold 5 - R2_MEP: 0.9923, R2_ThermalEfficiency: 0.9219
Trial 22 finished with Composite R² = 0.9560
    R²_MEP = 0.9926, R²_ThermalEfficiency = 0.9363
    Parameters: {'kernel_std_1': 1.8838976821296132, 'n_bins_1': 22, 'kernel_std_2': 0.9173494080962382, 'n_bins_2': 20, 'learning_rate': 0.0004940951650795987, 'batch_size': 64, 'num_epochs': 180, 'dropout': 0.05007310142201917, 'num_transformer_layers': 3, 'd_model': 64, 'nhead': 4, 'category_embedding_dim': 12, 'ST_shared_layer_sizes': [128, 64], 'ST_task1_layer_sizes': [128, 64], 'ST_task2_layer_sizes': [32, 16], 'ET_shared_layer_sizes': [128, 64], 'ET_task1_layer_sizes': [128, 64], 'ET_task2_layer_sizes': [128, 64], 'NA_shared_layer_sizes': [64, 32], 'NA_task1_layer_sizes': [64, 32], 'NA_task2_layer_sizes': [32, 16], 'physics_loss_weight': 2.7959235669896216, 'efficiency_loss_weight': 7.838193575296774}
[I 2025-03-24 08:12:09,449] Trial 21 finished with value: 0.9560233896970749 and parameters: {'kernel_std_1': 1.8838976821296132, 'n_bins_1': 22, 'kernel_std_2': 0.9173494080962382, 'n_bins_2': 20, 'learning_rate': 0.0004940951650795987, 'batch_size': 64, 'num_epochs': 180, 'dropout': 0.05007310142201917, 'num_transformer_layers': 3, 'd_model': 64, 'nhead': 4, 'category_embedding_dim': 12, 'ST_shared_layer_sizes': [128, 64], 'ST_task1_layer_sizes': [128, 64], 'ST_task2_layer_sizes': [32, 16], 'ET_shared_layer_sizes': [128, 64], 'ET_task1_layer_sizes': [128, 64], 'ET_task2_layer_sizes': [128, 64], 'NA_shared_layer_sizes': [64, 32], 'NA_task1_layer_sizes': [64, 32], 'NA_task2_layer_sizes': [32, 16], 'physics_loss_weight': 2.7959235669896216, 'efficiency_loss_weight': 7.838193575296774}. Best is trial 21 with value: 0.9560233896970749.
Trial 23 | Fold 1/5: 100%|██████████| 180/180 [07:10<00:00,  2.39s/it, Epoch=180/180, Fold=1/5, Loss=0.032]
[Early Stop] Trial 22 pruned at epoch 179, R² = 0.9265
Trial 23 finished with Composite R² = 0.9265
    Parameters: {'kernel_std_1': 1.5261179869923938, 'n_bins_1': 22, 'kernel_std_2': 0.9059974526316706, 'n_bins_2': 18, 'learning_rate': 0.000465983690160992, 'batch_size': 64, 'num_epochs': 180, 'dropout': 0.05343541796641245, 'num_transformer_layers': 3, 'd_model': 64, 'nhead': 4, 'category_embedding_dim': 12, 'ST_shared_layer_sizes': [128, 64], 'ST_task1_layer_sizes': [128, 64], 'ST_task2_layer_sizes': [32, 16], 'ET_shared_layer_sizes': [128, 64], 'ET_task1_layer_sizes': [128, 64], 'ET_task2_layer_sizes': [128, 64], 'NA_shared_layer_sizes': [64, 32], 'NA_task1_layer_sizes': [64, 32], 'NA_task2_layer_sizes': [32, 16], 'physics_loss_weight': 2.7455372973560213, 'efficiency_loss_weight': 7.92988239260783}
[I 2025-03-24 08:19:21,156] Trial 22 pruned. 
Trial 24 | Fold 1/5: 100%|██████████| 190/190 [07:35<00:00,  2.40s/it, Epoch=190/190, Fold=1/5, Loss=0.0294]
Fold 1 - R2_MEP: 0.9842, R2_ThermalEfficiency: 0.9028
Trial 24 | Fold 2/5: 100%|██████████| 190/190 [07:39<00:00,  2.42s/it, Epoch=190/190, Fold=2/5, Loss=0.0267]
Fold 2 - R2_MEP: 0.9943, R2_ThermalEfficiency: 0.9186
Trial 24 | Fold 3/5: 100%|██████████| 190/190 [07:39<00:00,  2.42s/it, Epoch=190/190, Fold=3/5, Loss=0.0335]
Fold 3 - R2_MEP: 0.9921, R2_ThermalEfficiency: 0.9404
Trial 24 | Fold 4/5: 100%|██████████| 190/190 [07:38<00:00,  2.41s/it, Epoch=190/190, Fold=4/5, Loss=0.0242]
Fold 4 - R2_MEP: 0.9899, R2_ThermalEfficiency: 0.9099
Trial 24 | Fold 5/5: 100%|██████████| 190/190 [07:38<00:00,  2.42s/it, Epoch=190/190, Fold=5/5, Loss=0.0299]
[I 2025-03-24 08:57:38,570] Trial 23 finished with value: 0.9436911344528198 and parameters: {'kernel_std_1': 1.7580144928616472, 'n_bins_1': 18, 'kernel_std_2': 1.0156090162619682, 'n_bins_2': 20, 'learning_rate': 0.00018506289156190874, 'batch_size': 64, 'num_epochs': 190, 'dropout': 0.0659241451367964, 'num_transformer_layers': 3, 'd_model': 64, 'nhead': 4, 'category_embedding_dim': 12, 'ST_shared_layer_sizes': [128, 64], 'ST_task1_layer_sizes': [128, 64], 'ST_task2_layer_sizes': [32, 16], 'ET_shared_layer_sizes': [128, 64], 'ET_task1_layer_sizes': [128, 64], 'ET_task2_layer_sizes': [128, 64], 'NA_shared_layer_sizes': [64, 32], 'NA_task1_layer_sizes': [64, 32], 'NA_task2_layer_sizes': [32, 16], 'physics_loss_weight': 2.792599225471726, 'efficiency_loss_weight': 7.871959841595087}. Best is trial 21 with value: 0.9560233896970749.
Fold 5 - R2_MEP: 0.9931, R2_ThermalEfficiency: 0.9201
Trial 24 finished with Composite R² = 0.9437
    R²_MEP = 0.9907, R²_ThermalEfficiency = 0.9184
    Parameters: {'kernel_std_1': 1.7580144928616472, 'n_bins_1': 18, 'kernel_std_2': 1.0156090162619682, 'n_bins_2': 20, 'learning_rate': 0.00018506289156190874, 'batch_size': 64, 'num_epochs': 190, 'dropout': 0.0659241451367964, 'num_transformer_layers': 3, 'd_model': 64, 'nhead': 4, 'category_embedding_dim': 12, 'ST_shared_layer_sizes': [128, 64], 'ST_task1_layer_sizes': [128, 64], 'ST_task2_layer_sizes': [32, 16], 'ET_shared_layer_sizes': [128, 64], 'ET_task1_layer_sizes': [128, 64], 'ET_task2_layer_sizes': [128, 64], 'NA_shared_layer_sizes': [64, 32], 'NA_task1_layer_sizes': [64, 32], 'NA_task2_layer_sizes': [32, 16], 'physics_loss_weight': 2.792599225471726, 'efficiency_loss_weight': 7.871959841595087}
Trial 25 | Fold 1/5: 100%|██████████| 180/180 [07:12<00:00,  2.40s/it, Epoch=180/180, Fold=1/5, Loss=0.0316]
[I 2025-03-24 09:04:51,434] Trial 24 pruned. 
[Early Stop] Trial 24 pruned at epoch 179, R² = 0.9277
Trial 25 finished with Composite R² = 0.9277
    Parameters: {'kernel_std_1': 1.8662767699871843, 'n_bins_1': 24, 'kernel_std_2': 0.9293757143775963, 'n_bins_2': 18, 'learning_rate': 0.00044603363208025216, 'batch_size': 64, 'num_epochs': 180, 'dropout': 0.08536713685117543, 'num_transformer_layers': 3, 'd_model': 64, 'nhead': 4, 'category_embedding_dim': 12, 'ST_shared_layer_sizes': [128, 64], 'ST_task1_layer_sizes': [128, 64], 'ST_task2_layer_sizes': [32, 16], 'ET_shared_layer_sizes': [128, 64], 'ET_task1_layer_sizes': [128, 64], 'ET_task2_layer_sizes': [128, 64], 'NA_shared_layer_sizes': [64, 32], 'NA_task1_layer_sizes': [64, 32], 'NA_task2_layer_sizes': [32, 16], 'physics_loss_weight': 3.940929106804261, 'efficiency_loss_weight': 7.2823334972537594}
Trial 26 | Fold 1/5: 100%|██████████| 200/200 [08:09<00:00,  2.45s/it, Epoch=200/200, Fold=1/5, Loss=0.0944]
Fold 1 - R2_MEP: 0.9736, R2_ThermalEfficiency: 0.7841
Trial 26 | Fold 2/5: 100%|██████████| 200/200 [08:10<00:00,  2.45s/it, Epoch=200/200, Fold=2/5, Loss=0.101]
Fold 2 - R2_MEP: 0.9789, R2_ThermalEfficiency: 0.8301
Trial 26 | Fold 3/5: 100%|██████████| 200/200 [08:09<00:00,  2.45s/it, Epoch=200/200, Fold=3/5, Loss=0.0989]
Fold 3 - R2_MEP: 0.9802, R2_ThermalEfficiency: 0.8168
Trial 26 | Fold 4/5: 100%|██████████| 200/200 [08:07<00:00,  2.44s/it, Epoch=200/200, Fold=4/5, Loss=0.0853]
Fold 4 - R2_MEP: 0.9773, R2_ThermalEfficiency: 0.8301
Trial 26 | Fold 5/5: 100%|██████████| 200/200 [08:13<00:00,  2.47s/it, Epoch=200/200, Fold=5/5, Loss=0.0915]
Fold 5 - R2_MEP: 0.9757, R2_ThermalEfficiency: 0.8045
Trial 26 finished with Composite R² = 0.8705
    R²_MEP = 0.9771, R²_ThermalEfficiency = 0.8131
    Parameters: {'kernel_std_1': 1.709754445555171, 'n_bins_1': 12, 'kernel_std_2': 1.041784551516767, 'n_bins_2': 16, 'learning_rate': 1.7631828754337486e-05, 'batch_size': 64, 'num_epochs': 200, 'dropout': 0.05142269988776978, 'num_transformer_layers': 4, 'd_model': 64, 'nhead': 4, 'category_embedding_dim': 8, 'ST_shared_layer_sizes': [128, 64], 'ST_task1_layer_sizes': [128, 64], 'ST_task2_layer_sizes': [32, 16], 'ET_shared_layer_sizes': [128, 64], 'ET_task1_layer_sizes': [32, 16], 'ET_task2_layer_sizes': [64, 32], 'NA_shared_layer_sizes': [64, 32], 'NA_task1_layer_sizes': [64, 32], 'NA_task2_layer_sizes': [32, 16], 'physics_loss_weight': 3.3174642422198, 'efficiency_loss_weight': 7.689929530475774}
[I 2025-03-24 09:45:46,490] Trial 25 finished with value: 0.8705270862579346 and parameters: {'kernel_std_1': 1.709754445555171, 'n_bins_1': 12, 'kernel_std_2': 1.041784551516767, 'n_bins_2': 16, 'learning_rate': 1.7631828754337486e-05, 'batch_size': 64, 'num_epochs': 200, 'dropout': 0.05142269988776978, 'num_transformer_layers': 4, 'd_model': 64, 'nhead': 4, 'category_embedding_dim': 8, 'ST_shared_layer_sizes': [128, 64], 'ST_task1_layer_sizes': [128, 64], 'ST_task2_layer_sizes': [32, 16], 'ET_shared_layer_sizes': [128, 64], 'ET_task1_layer_sizes': [32, 16], 'ET_task2_layer_sizes': [64, 32], 'NA_shared_layer_sizes': [64, 32], 'NA_task1_layer_sizes': [64, 32], 'NA_task2_layer_sizes': [32, 16], 'physics_loss_weight': 3.3174642422198, 'efficiency_loss_weight': 7.689929530475774}. Best is trial 21 with value: 0.9560233896970749.
Trial 27 | Fold 1/5: 100%|██████████| 190/190 [07:37<00:00,  2.41s/it, Epoch=190/190, Fold=1/5, Loss=0.0244]
Fold 1 - R2_MEP: 0.9901, R2_ThermalEfficiency: 0.9165
Trial 27 | Fold 2/5: 100%|██████████| 190/190 [07:40<00:00,  2.42s/it, Epoch=190/190, Fold=2/5, Loss=0.0258]
Fold 2 - R2_MEP: 0.9925, R2_ThermalEfficiency: 0.9206
Trial 27 | Fold 3/5: 100%|██████████| 190/190 [07:42<00:00,  2.44s/it, Epoch=190/190, Fold=3/5, Loss=0.0296]
Fold 3 - R2_MEP: 0.9908, R2_ThermalEfficiency: 0.9483
Trial 27 | Fold 4/5: 100%|██████████| 190/190 [06:46<00:00,  2.14s/it, Epoch=190/190, Fold=4/5, Loss=0.0205]
Fold 4 - R2_MEP: 0.9925, R2_ThermalEfficiency: 0.9197
Trial 27 | Fold 5/5: 100%|██████████| 190/190 [07:33<00:00,  2.39s/it, Epoch=190/190, Fold=5/5, Loss=0.0265]
[I 2025-03-24 10:23:10,901] Trial 26 finished with value: 0.9482826733589171 and parameters: {'kernel_std_1': 1.5273577908332292, 'n_bins_1': 20, 'kernel_std_2': 1.1246188009748879, 'n_bins_2': 20, 'learning_rate': 0.00022551200707098012, 'batch_size': 64, 'num_epochs': 190, 'dropout': 0.06291160214582615, 'num_transformer_layers': 3, 'd_model': 64, 'nhead': 4, 'category_embedding_dim': 16, 'ST_shared_layer_sizes': [128, 64], 'ST_task1_layer_sizes': [128, 64], 'ST_task2_layer_sizes': [32, 16], 'ET_shared_layer_sizes': [128, 64], 'ET_task1_layer_sizes': [128, 64], 'ET_task2_layer_sizes': [128, 64], 'NA_shared_layer_sizes': [64, 32], 'NA_task1_layer_sizes': [64, 32], 'NA_task2_layer_sizes': [32, 16], 'physics_loss_weight': 2.801179960994514, 'efficiency_loss_weight': 6.811467711125519}. Best is trial 21 with value: 0.9560233896970749.
Fold 5 - R2_MEP: 0.9938, R2_ThermalEfficiency: 0.9188
Trial 27 finished with Composite R² = 0.9483
    R²_MEP = 0.9919, R²_ThermalEfficiency = 0.9248
    Parameters: {'kernel_std_1': 1.5273577908332292, 'n_bins_1': 20, 'kernel_std_2': 1.1246188009748879, 'n_bins_2': 20, 'learning_rate': 0.00022551200707098012, 'batch_size': 64, 'num_epochs': 190, 'dropout': 0.06291160214582615, 'num_transformer_layers': 3, 'd_model': 64, 'nhead': 4, 'category_embedding_dim': 16, 'ST_shared_layer_sizes': [128, 64], 'ST_task1_layer_sizes': [128, 64], 'ST_task2_layer_sizes': [32, 16], 'ET_shared_layer_sizes': [128, 64], 'ET_task1_layer_sizes': [128, 64], 'ET_task2_layer_sizes': [128, 64], 'NA_shared_layer_sizes': [64, 32], 'NA_task1_layer_sizes': [64, 32], 'NA_task2_layer_sizes': [32, 16], 'physics_loss_weight': 2.801179960994514, 'efficiency_loss_weight': 6.811467711125519}
Trial 28 | Fold 1/5: 100%|██████████| 180/180 [07:12<00:00,  2.40s/it, Epoch=180/180, Fold=1/5, Loss=0.046]
[I 2025-03-24 10:30:24,455] Trial 27 pruned. 
