[Early Stop] Trial 27 pruned at epoch 179, R² = 0.9240
Trial 28 finished with Composite R² = 0.9240
    Parameters: {'kernel_std_1': 1.8840918351524651, 'n_bins_1': 22, 'kernel_std_2': 0.8062813047585221, 'n_bins_2': 18, 'learning_rate': 6.538936565542859e-05, 'batch_size': 64, 'num_epochs': 180, 'dropout': 0.09422170249300191, 'num_transformer_layers': 3, 'd_model': 64, 'nhead': 4, 'category_embedding_dim': 12, 'ST_shared_layer_sizes': [128, 64], 'ST_task1_layer_sizes': [128, 64], 'ST_task2_layer_sizes': [32, 16], 'ET_shared_layer_sizes': [128, 64], 'ET_task1_layer_sizes': [128, 64], 'ET_task2_layer_sizes': [128, 64], 'NA_shared_layer_sizes': [64, 32], 'NA_task1_layer_sizes': [64, 32], 'NA_task2_layer_sizes': [32, 16], 'physics_loss_weight': 5.763146822462073, 'efficiency_loss_weight': 7.334167101657728}
Trial 29 | Fold 1/5: 100%|██████████| 170/170 [03:43<00:00,  1.31s/it, Epoch=170/170, Fold=1/5, Loss=0.0218]
Fold 1 - R2_MEP: 0.9916, R2_ThermalEfficiency: 0.8985
Trial 29 | Fold 2/5: 100%|██████████| 170/170 [03:44<00:00,  1.32s/it, Epoch=170/170, Fold=2/5, Loss=0.0212]
Fold 2 - R2_MEP: 0.9932, R2_ThermalEfficiency: 0.9164
Trial 29 | Fold 3/5: 100%|██████████| 170/170 [03:47<00:00,  1.34s/it, Epoch=170/170, Fold=3/5, Loss=0.0281]
Fold 3 - R2_MEP: 0.9955, R2_ThermalEfficiency: 0.9428
Trial 29 | Fold 4/5: 100%|██████████| 170/170 [03:42<00:00,  1.31s/it, Epoch=170/170, Fold=4/5, Loss=0.0246]
Fold 4 - R2_MEP: 0.9925, R2_ThermalEfficiency: 0.9245
Trial 29 | Fold 5/5: 100%|██████████| 170/170 [03:44<00:00,  1.32s/it, Epoch=170/170, Fold=5/5, Loss=0.0294]
Fold 5 - R2_MEP: 0.9912, R2_ThermalEfficiency: 0.9244
Trial 29 finished with Composite R² = 0.9463
    R²_MEP = 0.9928, R²_ThermalEfficiency = 0.9213
    Parameters: {'kernel_std_1': 1.6980022788409743, 'n_bins_1': 24, 'kernel_std_2': 0.9434030372138081, 'n_bins_2': 20, 'learning_rate': 0.000582607708016689, 'batch_size': 128, 'num_epochs': 170, 'dropout': 0.07574229397873614, 'num_transformer_layers': 3, 'd_model': 128, 'nhead': 4, 'category_embedding_dim': 12, 'ST_shared_layer_sizes': [128, 64], 'ST_task1_layer_sizes': [32, 16], 'ST_task2_layer_sizes': [128, 64], 'ET_shared_layer_sizes': [256, 128], 'ET_task1_layer_sizes': [128, 64], 'ET_task2_layer_sizes': [128, 64], 'NA_shared_layer_sizes': [128, 64], 'NA_task1_layer_sizes': [64, 32], 'NA_task2_layer_sizes': [128, 64], 'physics_loss_weight': 3.32430444017507, 'efficiency_loss_weight': 7.799598220676674}
[I 2025-03-24 10:49:08,569] Trial 28 finished with value: 0.9463341927528381 and parameters: {'kernel_std_1': 1.6980022788409743, 'n_bins_1': 24, 'kernel_std_2': 0.9434030372138081, 'n_bins_2': 20, 'learning_rate': 0.000582607708016689, 'batch_size': 128, 'num_epochs': 170, 'dropout': 0.07574229397873614, 'num_transformer_layers': 3, 'd_model': 128, 'nhead': 4, 'category_embedding_dim': 12, 'ST_shared_layer_sizes': [128, 64], 'ST_task1_layer_sizes': [32, 16], 'ST_task2_layer_sizes': [128, 64], 'ET_shared_layer_sizes': [256, 128], 'ET_task1_layer_sizes': [128, 64], 'ET_task2_layer_sizes': [128, 64], 'NA_shared_layer_sizes': [128, 64], 'NA_task1_layer_sizes': [64, 32], 'NA_task2_layer_sizes': [128, 64], 'physics_loss_weight': 3.32430444017507, 'efficiency_loss_weight': 7.799598220676674}. Best is trial 21 with value: 0.9560233896970749.
Trial 30 | Fold 1/5: 100%|██████████| 190/190 [07:46<00:00,  2.46s/it, Epoch=190/190, Fold=1/5, Loss=0.0198]
Fold 1 - R2_MEP: 0.9868, R2_ThermalEfficiency: 0.9105
Trial 30 | Fold 2/5: 100%|██████████| 190/190 [07:44<00:00,  2.44s/it, Epoch=190/190, Fold=2/5, Loss=0.0194]
Fold 2 - R2_MEP: 0.9953, R2_ThermalEfficiency: 0.9313
Trial 30 | Fold 3/5: 100%|██████████| 190/190 [07:47<00:00,  2.46s/it, Epoch=190/190, Fold=3/5, Loss=0.0266]
Fold 3 - R2_MEP: 0.9950, R2_ThermalEfficiency: 0.9538
Trial 30 | Fold 4/5: 100%|██████████| 190/190 [07:45<00:00,  2.45s/it, Epoch=190/190, Fold=4/5, Loss=0.02]
Fold 4 - R2_MEP: 0.9895, R2_ThermalEfficiency: 0.9061
Trial 30 | Fold 5/5: 100%|██████████| 190/190 [07:48<00:00,  2.47s/it, Epoch=190/190, Fold=5/5, Loss=0.0223]
[I 2025-03-24 11:28:06,589] Trial 29 finished with value: 0.9483213078975679 and parameters: {'kernel_std_1': 1.8963904412060657, 'n_bins_1': 16, 'kernel_std_2': 0.9011018082001246, 'n_bins_2': 16, 'learning_rate': 0.00033016639127459585, 'batch_size': 64, 'num_epochs': 190, 'dropout': 0.06035774991122801, 'num_transformer_layers': 4, 'd_model': 64, 'nhead': 4, 'category_embedding_dim': 12, 'ST_shared_layer_sizes': [128, 64], 'ST_task1_layer_sizes': [64, 32], 'ST_task2_layer_sizes': [32, 16], 'ET_shared_layer_sizes': [128, 64], 'ET_task1_layer_sizes': [128, 64], 'ET_task2_layer_sizes': [64, 32], 'NA_shared_layer_sizes': [64, 32], 'NA_task1_layer_sizes': [64, 32], 'NA_task2_layer_sizes': [32, 16], 'physics_loss_weight': 2.9882753394122674, 'efficiency_loss_weight': 5.85483075252005}. Best is trial 21 with value: 0.9560233896970749.
Fold 5 - R2_MEP: 0.9926, R2_ThermalEfficiency: 0.9227
Trial 30 finished with Composite R² = 0.9483
    R²_MEP = 0.9918, R²_ThermalEfficiency = 0.9249
    Parameters: {'kernel_std_1': 1.8963904412060657, 'n_bins_1': 16, 'kernel_std_2': 0.9011018082001246, 'n_bins_2': 16, 'learning_rate': 0.00033016639127459585, 'batch_size': 64, 'num_epochs': 190, 'dropout': 0.06035774991122801, 'num_transformer_layers': 4, 'd_model': 64, 'nhead': 4, 'category_embedding_dim': 12, 'ST_shared_layer_sizes': [128, 64], 'ST_task1_layer_sizes': [64, 32], 'ST_task2_layer_sizes': [32, 16], 'ET_shared_layer_sizes': [128, 64], 'ET_task1_layer_sizes': [128, 64], 'ET_task2_layer_sizes': [64, 32], 'NA_shared_layer_sizes': [64, 32], 'NA_task1_layer_sizes': [64, 32], 'NA_task2_layer_sizes': [32, 16], 'physics_loss_weight': 2.9882753394122674, 'efficiency_loss_weight': 5.85483075252005}

Optimization Completed!
Best Trial:
  Trial 21: Composite R² = 0.9560
  R²_MEP = 0.9926, R²_ThermalEfficiency = 0.9363
  Params: {'kernel_std_1': 1.8838976821296132, 'n_bins_1': 22, 'kernel_std_2': 0.9173494080962382, 'n_bins_2': 20, 'learning_rate': 0.0004940951650795987, 'batch_size': 64, 'num_epochs': 180, 'dropout': 0.05007310142201917, 'num_transformer_layers': 3, 'd_model': 64, 'nhead': 4, 'category_embedding_dim': 12, 'ST_shared_layer_sizes': [128, 64], 'ST_task1_layer_sizes': [128, 64], 'ST_task2_layer_sizes': [32, 16], 'ET_shared_layer_sizes': [128, 64], 'ET_task1_layer_sizes': [128, 64], 'ET_task2_layer_sizes': [128, 64], 'NA_shared_layer_sizes': [64, 32], 'NA_task1_layer_sizes': [64, 32], 'NA_task2_layer_sizes': [32, 16], 'physics_loss_weight': 2.7959235669896216, 'efficiency_loss_weight': 7.838193575296774}
Optimization history saved to 'optimization_history.csv'

进程已结束，退出代码为 0
